[2025-06-07T14:16:55.583Z] [32minfo[39m: [32mServidor corriendo en http://localhost:3000[39m
[2025-06-07T14:16:58.700Z] [36mhttp[39m: [36mruta solicitada /[39m
[2025-06-07T14:17:02.268Z] [36mhttp[39m: [36mruta solicitada /[39m
[2025-06-07T14:18:35.036Z] [32minfo[39m: [32mServidor corriendo en http://localhost:3000[39m
[2025-06-07T14:18:45.365Z] [36mhttp[39m: [36mruta solicitada /[39m
[2025-06-07T14:18:49.293Z] [36mhttp[39m: [36mruta solicitada /[39m
[2025-06-07T14:20:10.634Z] [32minfo[39m: [32mServidor corriendo en http://localhost:3000[39m
[2025-06-07T14:20:12.545Z] [36mhttp[39m: [36mruta solicitada /[39m
[2025-06-07T14:20:20.721Z] [31merror[39m: [31mruta solicitada /error[39m
[2025-06-07T14:22:00.257Z] [32minfo[39m: [32mServidor corriendo en http://localhost:3000[39m
[2025-06-07T14:22:01.828Z] [36mhttp[39m: [36mruta solicitada /[39m
[2025-06-07T14:22:54.200Z] [32minfo[39m: [32mServidor corriendo en http://localhost:3000[39m
[2025-06-07T14:22:56.713Z] [41mfatal[49m: [41mruta solicitada /fatal[49m
[2025-06-07T20:56:30.262Z] [32minfo[39m: [32mServidor corriendo en http://localhost:3000[39m
[2025-06-07T21:00:03.642Z] [32minfo[39m: [32mServidor corriendo en http://localhost:3000[39m
[2025-06-07T21:02:45.776Z] [32minfo[39m: [32mServidor corriendo en http://localhost:3000[39m
[2025-06-07T21:04:40.555Z] [36mhttp[39m: [36mruta solicitada /test[39m
[2025-06-07T21:04:40.612Z] [36mhttp[39m: [36mruta solicitada /test[39m
[2025-06-07T21:04:40.678Z] [36mhttp[39m: [36mruta solicitada /test[39m
[2025-06-07T21:04:41.036Z] [36mhttp[39m: [36mruta solicitada /test[39m
[2025-06-07T21:04:41.098Z] [36mhttp[39m: [36mruta solicitada /test[39m
[2025-06-07T21:04:41.160Z] [36mhttp[39m: [36mruta solicitada /test[39m
[2025-06-07T21:04:41.242Z] [36mhttp[39m: [36mruta solicitada /test[39m
[2025-06-07T21:04:41.299Z] [36mhttp[39m: [36mruta solicitada /test[39m
[2025-06-07T21:04:41.367Z] [36mhttp[39m: [36mruta solicitada /test[39m
[2025-06-07T21:04:41.425Z] [36mhttp[39m: [36mruta solicitada /test[39m
[2025-06-07T21:04:41.535Z] [36mhttp[39m: [36mruta solicitada /test[39m
[2025-06-07T21:04:41.598Z] [36mhttp[39m: [36mruta solicitada /test[39m
[2025-06-07T21:04:41.661Z] [36mhttp[39m: [36mruta solicitada /test[39m
[2025-06-07T21:04:42.035Z] [36mhttp[39m: [36mruta solicitada /test[39m
[2025-06-07T21:04:42.097Z] [36mhttp[39m: [36mruta solicitada /test[39m
[2025-06-07T21:04:42.159Z] [36mhttp[39m: [36mruta solicitada /test[39m
[2025-06-07T21:04:42.226Z] [36mhttp[39m: [36mruta solicitada /test[39m
[2025-06-07T21:04:42.287Z] [36mhttp[39m: [36mruta solicitada /test[39m
[2025-06-07T21:04:42.348Z] [36mhttp[39m: [36mruta solicitada /test[39m
[2025-06-07T21:04:42.411Z] [36mhttp[39m: [36mruta solicitada /test[39m
[2025-06-07T21:04:42.535Z] [36mhttp[39m: [36mruta solicitada /test[39m
[2025-06-07T21:04:42.598Z] [36mhttp[39m: [36mruta solicitada /test[39m
[2025-06-07T21:04:42.659Z] [36mhttp[39m: [36mruta solicitada /test[39m
[2025-06-07T21:04:43.035Z] [36mhttp[39m: [36mruta solicitada /test[39m
[2025-06-07T21:04:43.097Z] [36mhttp[39m: [36mruta solicitada /test[39m
[2025-06-07T21:04:43.159Z] [36mhttp[39m: [36mruta solicitada /test[39m
[2025-06-07T21:04:43.225Z] [36mhttp[39m: [36mruta solicitada /test[39m
[2025-06-07T21:04:43.285Z] [36mhttp[39m: [36mruta solicitada /test[39m
[2025-06-07T21:04:43.348Z] [36mhttp[39m: [36mruta solicitada /test[39m
[2025-06-07T21:04:43.410Z] [36mhttp[39m: [36mruta solicitada /test[39m
[2025-06-07T21:04:43.535Z] [36mhttp[39m: [36mruta solicitada /test[39m
[2025-06-07T21:04:43.597Z] [36mhttp[39m: [36mruta solicitada /test[39m
[2025-06-07T21:04:43.660Z] [36mhttp[39m: [36mruta solicitada /test[39m
[2025-06-07T21:04:44.035Z] [36mhttp[39m: [36mruta solicitada /test[39m
[2025-06-07T21:04:44.098Z] [36mhttp[39m: [36mruta solicitada /test[39m
[2025-06-07T21:04:44.160Z] [36mhttp[39m: [36mruta solicitada /test[39m
[2025-06-07T21:04:44.224Z] [36mhttp[39m: [36mruta solicitada /test[39m
[2025-06-07T21:04:44.285Z] [36mhttp[39m: [36mruta solicitada /test[39m
[2025-06-07T21:04:44.348Z] [36mhttp[39m: [36mruta solicitada /test[39m
[2025-06-07T21:04:44.410Z] [36mhttp[39m: [36mruta solicitada /test[39m
[2025-06-07T21:04:44.537Z] [36mhttp[39m: [36mruta solicitada /test[39m
[2025-06-07T21:04:44.598Z] [36mhttp[39m: [36mruta solicitada /test[39m
[2025-06-07T21:04:44.660Z] [36mhttp[39m: [36mruta solicitada /test[39m
[2025-06-07T21:04:45.035Z] [36mhttp[39m: [36mruta solicitada /test[39m
[2025-06-07T21:04:45.097Z] [36mhttp[39m: [36mruta solicitada /test[39m
[2025-06-07T21:04:45.160Z] [36mhttp[39m: [36mruta solicitada /test[39m
[2025-06-07T21:04:45.224Z] [36mhttp[39m: [36mruta solicitada /test[39m
[2025-06-07T21:04:45.285Z] [36mhttp[39m: [36mruta solicitada /test[39m
[2025-06-07T21:04:45.348Z] [36mhttp[39m: [36mruta solicitada /test[39m
[2025-06-07T21:04:45.410Z] [36mhttp[39m: [36mruta solicitada /test[39m
[2025-06-07T21:04:45.535Z] [36mhttp[39m: [36mruta solicitada /test[39m
[2025-06-07T21:04:45.597Z] [36mhttp[39m: [36mruta solicitada /test[39m
[2025-06-07T21:04:45.659Z] [36mhttp[39m: [36mruta solicitada /test[39m
[2025-06-07T21:04:46.035Z] [36mhttp[39m: [36mruta solicitada /test[39m
[2025-06-07T21:04:46.097Z] [36mhttp[39m: [36mruta solicitada /test[39m
[2025-06-07T21:04:46.159Z] [36mhttp[39m: [36mruta solicitada /test[39m
[2025-06-07T21:04:46.224Z] [36mhttp[39m: [36mruta solicitada /test[39m
[2025-06-07T21:04:46.285Z] [36mhttp[39m: [36mruta solicitada /test[39m
[2025-06-07T21:04:46.348Z] [36mhttp[39m: [36mruta solicitada /test[39m
[2025-06-07T21:04:46.411Z] [36mhttp[39m: [36mruta solicitada /test[39m
[2025-06-07T21:04:46.535Z] [36mhttp[39m: [36mruta solicitada /test[39m
[2025-06-07T21:04:46.597Z] [36mhttp[39m: [36mruta solicitada /test[39m
[2025-06-07T21:04:46.659Z] [36mhttp[39m: [36mruta solicitada /test[39m
[2025-06-07T21:04:47.035Z] [36mhttp[39m: [36mruta solicitada /test[39m
[2025-06-07T21:04:47.098Z] [36mhttp[39m: [36mruta solicitada /test[39m
[2025-06-07T21:04:47.159Z] [36mhttp[39m: [36mruta solicitada /test[39m
[2025-06-07T21:04:47.224Z] [36mhttp[39m: [36mruta solicitada /test[39m
[2025-06-07T21:04:47.285Z] [36mhttp[39m: [36mruta solicitada /test[39m
[2025-06-07T21:04:47.348Z] [36mhttp[39m: [36mruta solicitada /test[39m
[2025-06-07T21:04:47.410Z] [36mhttp[39m: [36mruta solicitada /test[39m
[2025-06-07T21:04:47.535Z] [36mhttp[39m: [36mruta solicitada /test[39m
[2025-06-07T21:04:47.597Z] [36mhttp[39m: [36mruta solicitada /test[39m
[2025-06-07T21:04:47.660Z] [36mhttp[39m: [36mruta solicitada /test[39m
[2025-06-07T21:04:48.035Z] [36mhttp[39m: [36mruta solicitada /test[39m
[2025-06-07T21:04:48.097Z] [36mhttp[39m: [36mruta solicitada /test[39m
[2025-06-07T21:04:48.159Z] [36mhttp[39m: [36mruta solicitada /test[39m
[2025-06-07T21:04:48.227Z] [36mhttp[39m: [36mruta solicitada /test[39m
[2025-06-07T21:04:48.286Z] [36mhttp[39m: [36mruta solicitada /test[39m
[2025-06-07T21:04:48.348Z] [36mhttp[39m: [36mruta solicitada /test[39m
[2025-06-07T21:04:48.410Z] [36mhttp[39m: [36mruta solicitada /test[39m
[2025-06-07T21:04:48.536Z] [36mhttp[39m: [36mruta solicitada /test[39m
[2025-06-07T21:04:48.597Z] [36mhttp[39m: [36mruta solicitada /test[39m
[2025-06-07T21:04:48.660Z] [36mhttp[39m: [36mruta solicitada /test[39m
[2025-06-07T21:04:49.035Z] [36mhttp[39m: [36mruta solicitada /test[39m
[2025-06-07T21:04:49.097Z] [36mhttp[39m: [36mruta solicitada /test[39m
[2025-06-07T21:04:49.159Z] [36mhttp[39m: [36mruta solicitada /test[39m
[2025-06-07T21:04:49.226Z] [36mhttp[39m: [36mruta solicitada /test[39m
[2025-06-07T21:04:49.287Z] [36mhttp[39m: [36mruta solicitada /test[39m
[2025-06-07T21:04:49.349Z] [36mhttp[39m: [36mruta solicitada /test[39m
[2025-06-07T21:04:49.412Z] [36mhttp[39m: [36mruta solicitada /test[39m
[2025-06-07T21:04:49.535Z] [36mhttp[39m: [36mruta solicitada /test[39m
[2025-06-07T21:04:49.598Z] [36mhttp[39m: [36mruta solicitada /test[39m
[2025-06-07T21:04:49.659Z] [36mhttp[39m: [36mruta solicitada /test[39m
[2025-06-07T21:04:50.036Z] [36mhttp[39m: [36mruta solicitada /test[39m
[2025-06-07T21:04:50.098Z] [36mhttp[39m: [36mruta solicitada /test[39m
[2025-06-07T21:04:50.160Z] [36mhttp[39m: [36mruta solicitada /test[39m
[2025-06-07T21:04:50.224Z] [36mhttp[39m: [36mruta solicitada /test[39m
[2025-06-07T21:04:50.285Z] [36mhttp[39m: [36mruta solicitada /test[39m
[2025-06-07T21:04:50.348Z] [36mhttp[39m: [36mruta solicitada /test[39m
[2025-06-07T21:04:50.464Z] [36mhttp[39m: [36mruta solicitada /test[39m
[2025-06-07T21:04:50.535Z] [36mhttp[39m: [36mruta solicitada /test[39m
[2025-06-07T21:04:50.597Z] [36mhttp[39m: [36mruta solicitada /test[39m
[2025-06-07T21:04:50.659Z] [36mhttp[39m: [36mruta solicitada /test[39m
[2025-06-07T21:04:51.035Z] [36mhttp[39m: [36mruta solicitada /test[39m
[2025-06-07T21:04:51.097Z] [36mhttp[39m: [36mruta solicitada /test[39m
[2025-06-07T21:04:51.160Z] [36mhttp[39m: [36mruta solicitada /test[39m
[2025-06-07T21:04:51.224Z] [36mhttp[39m: [36mruta solicitada /test[39m
[2025-06-07T21:04:51.285Z] [36mhttp[39m: [36mruta solicitada /test[39m
[2025-06-07T21:04:51.347Z] [36mhttp[39m: [36mruta solicitada /test[39m
[2025-06-07T21:04:51.453Z] [36mhttp[39m: [36mruta solicitada /test[39m
[2025-06-07T21:04:51.534Z] [36mhttp[39m: [36mruta solicitada /test[39m
[2025-06-07T21:04:51.597Z] [36mhttp[39m: [36mruta solicitada /test[39m
[2025-06-07T21:04:51.659Z] [36mhttp[39m: [36mruta solicitada /test[39m
[2025-06-07T21:04:52.036Z] [36mhttp[39m: [36mruta solicitada /test[39m
[2025-06-07T21:04:52.097Z] [36mhttp[39m: [36mruta solicitada /test[39m
[2025-06-07T21:04:52.160Z] [36mhttp[39m: [36mruta solicitada /test[39m
[2025-06-07T21:04:52.223Z] [36mhttp[39m: [36mruta solicitada /test[39m
[2025-06-07T21:04:52.286Z] [36mhttp[39m: [36mruta solicitada /test[39m
[2025-06-07T21:04:52.348Z] [36mhttp[39m: [36mruta solicitada /test[39m
[2025-06-07T21:04:52.434Z] [36mhttp[39m: [36mruta solicitada /test[39m
[2025-06-07T21:04:52.534Z] [36mhttp[39m: [36mruta solicitada /test[39m
[2025-06-07T21:04:52.597Z] [36mhttp[39m: [36mruta solicitada /test[39m
[2025-06-07T21:04:52.659Z] [36mhttp[39m: [36mruta solicitada /test[39m
[2025-06-07T21:04:53.035Z] [36mhttp[39m: [36mruta solicitada /test[39m
[2025-06-07T21:04:53.097Z] [36mhttp[39m: [36mruta solicitada /test[39m
[2025-06-07T21:04:53.159Z] [36mhttp[39m: [36mruta solicitada /test[39m
[2025-06-07T21:04:53.223Z] [36mhttp[39m: [36mruta solicitada /test[39m
[2025-06-07T21:04:53.285Z] [36mhttp[39m: [36mruta solicitada /test[39m
[2025-06-07T21:04:53.347Z] [36mhttp[39m: [36mruta solicitada /test[39m
[2025-06-07T21:04:53.413Z] [36mhttp[39m: [36mruta solicitada /test[39m
[2025-06-07T21:04:53.536Z] [36mhttp[39m: [36mruta solicitada /test[39m
[2025-06-07T21:04:53.597Z] [36mhttp[39m: [36mruta solicitada /test[39m
[2025-06-07T21:04:53.659Z] [36mhttp[39m: [36mruta solicitada /test[39m
[2025-06-07T21:04:54.035Z] [36mhttp[39m: [36mruta solicitada /test[39m
[2025-06-07T21:04:54.097Z] [36mhttp[39m: [36mruta solicitada /test[39m
[2025-06-07T21:04:54.159Z] [36mhttp[39m: [36mruta solicitada /test[39m
[2025-06-07T21:04:54.223Z] [36mhttp[39m: [36mruta solicitada /test[39m
[2025-06-07T21:04:54.285Z] [36mhttp[39m: [36mruta solicitada /test[39m
[2025-06-07T21:04:54.347Z] [36mhttp[39m: [36mruta solicitada /test[39m
[2025-06-07T21:04:54.409Z] [36mhttp[39m: [36mruta solicitada /test[39m
[2025-06-07T21:04:54.536Z] [36mhttp[39m: [36mruta solicitada /test[39m
[2025-06-07T21:04:54.597Z] [36mhttp[39m: [36mruta solicitada /test[39m
[2025-06-07T21:04:54.659Z] [36mhttp[39m: [36mruta solicitada /test[39m
[2025-06-07T21:04:55.035Z] [36mhttp[39m: [36mruta solicitada /test[39m
[2025-06-07T21:04:55.097Z] [36mhttp[39m: [36mruta solicitada /test[39m
[2025-06-07T21:04:55.160Z] [36mhttp[39m: [36mruta solicitada /test[39m
[2025-06-07T21:04:55.224Z] [36mhttp[39m: [36mruta solicitada /test[39m
[2025-06-07T21:04:55.285Z] [36mhttp[39m: [36mruta solicitada /test[39m
[2025-06-07T21:04:55.348Z] [36mhttp[39m: [36mruta solicitada /test[39m
[2025-06-07T21:04:55.409Z] [36mhttp[39m: [36mruta solicitada /test[39m
[2025-06-07T21:04:55.537Z] [36mhttp[39m: [36mruta solicitada /test[39m
[2025-06-07T21:04:55.597Z] [36mhttp[39m: [36mruta solicitada /test[39m
[2025-06-07T21:04:55.659Z] [36mhttp[39m: [36mruta solicitada /test[39m
[2025-06-07T21:04:56.035Z] [36mhttp[39m: [36mruta solicitada /test[39m
[2025-06-07T21:04:56.097Z] [36mhttp[39m: [36mruta solicitada /test[39m
[2025-06-07T21:04:56.159Z] [36mhttp[39m: [36mruta solicitada /test[39m
[2025-06-07T21:04:56.223Z] [36mhttp[39m: [36mruta solicitada /test[39m
[2025-06-07T21:04:56.284Z] [36mhttp[39m: [36mruta solicitada /test[39m
[2025-06-07T21:04:56.347Z] [36mhttp[39m: [36mruta solicitada /test[39m
[2025-06-07T21:04:56.409Z] [36mhttp[39m: [36mruta solicitada /test[39m
[2025-06-07T21:04:56.535Z] [36mhttp[39m: [36mruta solicitada /test[39m
[2025-06-07T21:04:56.597Z] [36mhttp[39m: [36mruta solicitada /test[39m
[2025-06-07T21:04:56.659Z] [36mhttp[39m: [36mruta solicitada /test[39m
[2025-06-07T21:04:57.035Z] [36mhttp[39m: [36mruta solicitada /test[39m
[2025-06-07T21:04:57.097Z] [36mhttp[39m: [36mruta solicitada /test[39m
[2025-06-07T21:04:57.159Z] [36mhttp[39m: [36mruta solicitada /test[39m
[2025-06-07T21:04:57.224Z] [36mhttp[39m: [36mruta solicitada /test[39m
[2025-06-07T21:04:57.285Z] [36mhttp[39m: [36mruta solicitada /test[39m
[2025-06-07T21:04:57.348Z] [36mhttp[39m: [36mruta solicitada /test[39m
[2025-06-07T21:04:57.409Z] [36mhttp[39m: [36mruta solicitada /test[39m
[2025-06-07T21:04:57.535Z] [36mhttp[39m: [36mruta solicitada /test[39m
[2025-06-07T21:04:57.597Z] [36mhttp[39m: [36mruta solicitada /test[39m
[2025-06-07T21:04:57.659Z] [36mhttp[39m: [36mruta solicitada /test[39m
[2025-06-07T21:04:58.035Z] [36mhttp[39m: [36mruta solicitada /test[39m
[2025-06-07T21:04:58.097Z] [36mhttp[39m: [36mruta solicitada /test[39m
[2025-06-07T21:04:58.159Z] [36mhttp[39m: [36mruta solicitada /test[39m
[2025-06-07T21:04:58.223Z] [36mhttp[39m: [36mruta solicitada /test[39m
[2025-06-07T21:04:58.284Z] [36mhttp[39m: [36mruta solicitada /test[39m
[2025-06-07T21:04:58.347Z] [36mhttp[39m: [36mruta solicitada /test[39m
[2025-06-07T21:04:58.409Z] [36mhttp[39m: [36mruta solicitada /test[39m
[2025-06-07T21:04:58.535Z] [36mhttp[39m: [36mruta solicitada /test[39m
[2025-06-07T21:04:58.597Z] [36mhttp[39m: [36mruta solicitada /test[39m
[2025-06-07T21:04:58.659Z] [36mhttp[39m: [36mruta solicitada /test[39m
[2025-06-07T21:04:59.037Z] [36mhttp[39m: [36mruta solicitada /test[39m
[2025-06-07T21:04:59.097Z] [36mhttp[39m: [36mruta solicitada /test[39m
[2025-06-07T21:04:59.159Z] [36mhttp[39m: [36mruta solicitada /test[39m
[2025-06-07T21:04:59.223Z] [36mhttp[39m: [36mruta solicitada /test[39m
[2025-06-07T21:04:59.287Z] [36mhttp[39m: [36mruta solicitada /test[39m
[2025-06-07T21:04:59.347Z] [36mhttp[39m: [36mruta solicitada /test[39m
[2025-06-07T21:04:59.409Z] [36mhttp[39m: [36mruta solicitada /test[39m
[2025-06-07T21:04:59.535Z] [36mhttp[39m: [36mruta solicitada /test[39m
[2025-06-07T21:04:59.597Z] [36mhttp[39m: [36mruta solicitada /test[39m
[2025-06-07T21:04:59.659Z] [36mhttp[39m: [36mruta solicitada /test[39m
[2025-06-07T21:05:00.035Z] [36mhttp[39m: [36mruta solicitada /test[39m
[2025-06-07T21:05:00.097Z] [36mhttp[39m: [36mruta solicitada /test[39m
[2025-06-07T21:05:00.159Z] [36mhttp[39m: [36mruta solicitada /test[39m
[2025-06-07T21:05:00.224Z] [36mhttp[39m: [36mruta solicitada /test[39m
[2025-06-07T21:05:00.287Z] [36mhttp[39m: [36mruta solicitada /test[39m
[2025-06-07T21:05:00.348Z] [36mhttp[39m: [36mruta solicitada /test[39m
[2025-06-07T21:05:00.410Z] [36mhttp[39m: [36mruta solicitada /test[39m
[2025-06-07T21:05:00.537Z] [36mhttp[39m: [36mruta solicitada /test[39m
[2025-06-07T21:05:00.597Z] [36mhttp[39m: [36mruta solicitada /test[39m
[2025-06-07T21:05:00.659Z] [36mhttp[39m: [36mruta solicitada /test[39m
[2025-06-07T21:05:01.035Z] [36mhttp[39m: [36mruta solicitada /test[39m
[2025-06-07T21:05:01.097Z] [36mhttp[39m: [36mruta solicitada /test[39m
[2025-06-07T21:05:01.159Z] [36mhttp[39m: [36mruta solicitada /test[39m
[2025-06-07T21:05:01.223Z] [36mhttp[39m: [36mruta solicitada /test[39m
[2025-06-07T21:05:01.285Z] [36mhttp[39m: [36mruta solicitada /test[39m
[2025-06-07T21:05:01.347Z] [36mhttp[39m: [36mruta solicitada /test[39m
[2025-06-07T21:05:01.409Z] [36mhttp[39m: [36mruta solicitada /test[39m
[2025-06-07T21:05:01.535Z] [36mhttp[39m: [36mruta solicitada /test[39m
[2025-06-07T21:05:01.597Z] [36mhttp[39m: [36mruta solicitada /test[39m
[2025-06-07T21:05:01.659Z] [36mhttp[39m: [36mruta solicitada /test[39m
[2025-06-07T21:05:02.035Z] [36mhttp[39m: [36mruta solicitada /test[39m
[2025-06-07T21:05:02.097Z] [36mhttp[39m: [36mruta solicitada /test[39m
[2025-06-07T21:05:02.159Z] [36mhttp[39m: [36mruta solicitada /test[39m
[2025-06-07T21:05:02.225Z] [36mhttp[39m: [36mruta solicitada /test[39m
[2025-06-07T21:05:02.285Z] [36mhttp[39m: [36mruta solicitada /test[39m
[2025-06-07T21:05:02.347Z] [36mhttp[39m: [36mruta solicitada /test[39m
[2025-06-07T21:05:02.409Z] [36mhttp[39m: [36mruta solicitada /test[39m
[2025-06-07T21:05:02.537Z] [36mhttp[39m: [36mruta solicitada /test[39m
[2025-06-07T21:05:02.597Z] [36mhttp[39m: [36mruta solicitada /test[39m
[2025-06-07T21:05:02.659Z] [36mhttp[39m: [36mruta solicitada /test[39m
[2025-06-07T21:05:03.035Z] [36mhttp[39m: [36mruta solicitada /test[39m
[2025-06-07T21:05:03.097Z] [36mhttp[39m: [36mruta solicitada /test[39m
[2025-06-07T21:05:03.159Z] [36mhttp[39m: [36mruta solicitada /test[39m
[2025-06-07T21:05:03.224Z] [36mhttp[39m: [36mruta solicitada /test[39m
[2025-06-07T21:05:03.285Z] [36mhttp[39m: [36mruta solicitada /test[39m
[2025-06-07T21:05:03.347Z] [36mhttp[39m: [36mruta solicitada /test[39m
[2025-06-07T21:05:03.409Z] [36mhttp[39m: [36mruta solicitada /test[39m
[2025-06-07T21:05:03.535Z] [36mhttp[39m: [36mruta solicitada /test[39m
[2025-06-07T21:05:03.597Z] [36mhttp[39m: [36mruta solicitada /test[39m
[2025-06-07T21:05:03.659Z] [36mhttp[39m: [36mruta solicitada /test[39m
[2025-06-07T21:05:04.037Z] [36mhttp[39m: [36mruta solicitada /test[39m
[2025-06-07T21:05:04.097Z] [36mhttp[39m: [36mruta solicitada /test[39m
[2025-06-07T21:05:04.159Z] [36mhttp[39m: [36mruta solicitada /test[39m
[2025-06-07T21:05:04.223Z] [36mhttp[39m: [36mruta solicitada /test[39m
[2025-06-07T21:05:04.284Z] [36mhttp[39m: [36mruta solicitada /test[39m
[2025-06-07T21:05:04.347Z] [36mhttp[39m: [36mruta solicitada /test[39m
[2025-06-07T21:05:04.409Z] [36mhttp[39m: [36mruta solicitada /test[39m
[2025-06-07T21:05:04.535Z] [36mhttp[39m: [36mruta solicitada /test[39m
[2025-06-07T21:05:04.597Z] [36mhttp[39m: [36mruta solicitada /test[39m
[2025-06-07T21:05:04.659Z] [36mhttp[39m: [36mruta solicitada /test[39m
[2025-06-07T21:05:05.037Z] [36mhttp[39m: [36mruta solicitada /test[39m
[2025-06-07T21:05:05.097Z] [36mhttp[39m: [36mruta solicitada /test[39m
[2025-06-07T21:05:05.159Z] [36mhttp[39m: [36mruta solicitada /test[39m
[2025-06-07T21:05:05.223Z] [36mhttp[39m: [36mruta solicitada /test[39m
[2025-06-07T21:05:05.285Z] [36mhttp[39m: [36mruta solicitada /test[39m
[2025-06-07T21:05:05.347Z] [36mhttp[39m: [36mruta solicitada /test[39m
[2025-06-07T21:05:05.409Z] [36mhttp[39m: [36mruta solicitada /test[39m
[2025-06-07T21:05:05.535Z] [36mhttp[39m: [36mruta solicitada /test[39m
[2025-06-07T21:05:05.597Z] [36mhttp[39m: [36mruta solicitada /test[39m
[2025-06-07T21:05:05.659Z] [36mhttp[39m: [36mruta solicitada /test[39m
[2025-06-07T21:05:06.035Z] [36mhttp[39m: [36mruta solicitada /test[39m
[2025-06-07T21:05:06.098Z] [36mhttp[39m: [36mruta solicitada /test[39m
[2025-06-07T21:05:06.159Z] [36mhttp[39m: [36mruta solicitada /test[39m
[2025-06-07T21:05:06.223Z] [36mhttp[39m: [36mruta solicitada /test[39m
[2025-06-07T21:05:06.286Z] [36mhttp[39m: [36mruta solicitada /test[39m
[2025-06-07T21:05:06.347Z] [36mhttp[39m: [36mruta solicitada /test[39m
[2025-06-07T21:05:06.409Z] [36mhttp[39m: [36mruta solicitada /test[39m
[2025-06-07T21:05:06.535Z] [36mhttp[39m: [36mruta solicitada /test[39m
[2025-06-07T21:05:06.597Z] [36mhttp[39m: [36mruta solicitada /test[39m
[2025-06-07T21:05:06.659Z] [36mhttp[39m: [36mruta solicitada /test[39m
[2025-06-07T21:05:07.035Z] [36mhttp[39m: [36mruta solicitada /test[39m
[2025-06-07T21:05:07.097Z] [36mhttp[39m: [36mruta solicitada /test[39m
[2025-06-07T21:05:07.159Z] [36mhttp[39m: [36mruta solicitada /test[39m
[2025-06-07T21:05:07.223Z] [36mhttp[39m: [36mruta solicitada /test[39m
[2025-06-07T21:05:07.284Z] [36mhttp[39m: [36mruta solicitada /test[39m
[2025-06-07T21:05:07.347Z] [36mhttp[39m: [36mruta solicitada /test[39m
[2025-06-07T21:05:07.409Z] [36mhttp[39m: [36mruta solicitada /test[39m
[2025-06-07T21:05:07.536Z] [36mhttp[39m: [36mruta solicitada /test[39m
[2025-06-07T21:05:07.597Z] [36mhttp[39m: [36mruta solicitada /test[39m
[2025-06-07T21:05:07.659Z] [36mhttp[39m: [36mruta solicitada /test[39m
[2025-06-07T21:05:08.035Z] [36mhttp[39m: [36mruta solicitada /test[39m
[2025-06-07T21:05:08.097Z] [36mhttp[39m: [36mruta solicitada /test[39m
[2025-06-07T21:05:08.159Z] [36mhttp[39m: [36mruta solicitada /test[39m
[2025-06-07T21:05:08.223Z] [36mhttp[39m: [36mruta solicitada /test[39m
[2025-06-07T21:05:08.285Z] [36mhttp[39m: [36mruta solicitada /test[39m
[2025-06-07T21:05:08.347Z] [36mhttp[39m: [36mruta solicitada /test[39m
[2025-06-07T21:05:08.409Z] [36mhttp[39m: [36mruta solicitada /test[39m
[2025-06-07T21:05:08.536Z] [36mhttp[39m: [36mruta solicitada /test[39m
[2025-06-07T21:05:08.597Z] [36mhttp[39m: [36mruta solicitada /test[39m
[2025-06-07T21:05:08.659Z] [36mhttp[39m: [36mruta solicitada /test[39m
[2025-06-07T21:05:09.035Z] [36mhttp[39m: [36mruta solicitada /test[39m
[2025-06-07T21:05:09.098Z] [36mhttp[39m: [36mruta solicitada /test[39m
[2025-06-07T21:05:09.159Z] [36mhttp[39m: [36mruta solicitada /test[39m
[2025-06-07T21:05:09.224Z] [36mhttp[39m: [36mruta solicitada /test[39m
[2025-06-07T21:05:09.285Z] [36mhttp[39m: [36mruta solicitada /test[39m
[2025-06-07T21:05:09.347Z] [36mhttp[39m: [36mruta solicitada /test[39m
[2025-06-07T21:05:09.409Z] [36mhttp[39m: [36mruta solicitada /test[39m
[2025-06-07T21:05:09.535Z] [36mhttp[39m: [36mruta solicitada /test[39m
[2025-06-07T21:05:09.597Z] [36mhttp[39m: [36mruta solicitada /test[39m
[2025-06-07T21:05:09.660Z] [36mhttp[39m: [36mruta solicitada /test[39m
[2025-06-07T21:05:10.035Z] [36mhttp[39m: [36mruta solicitada /test[39m
[2025-06-07T21:05:10.097Z] [36mhttp[39m: [36mruta solicitada /test[39m
[2025-06-07T21:05:10.159Z] [36mhttp[39m: [36mruta solicitada /test[39m
[2025-06-07T21:05:10.223Z] [36mhttp[39m: [36mruta solicitada /test[39m
[2025-06-07T21:05:10.286Z] [36mhttp[39m: [36mruta solicitada /test[39m
[2025-06-07T21:05:10.347Z] [36mhttp[39m: [36mruta solicitada /test[39m
[2025-06-07T21:05:10.409Z] [36mhttp[39m: [36mruta solicitada /test[39m
[2025-06-07T21:05:10.535Z] [36mhttp[39m: [36mruta solicitada /test[39m
[2025-06-07T21:05:10.597Z] [36mhttp[39m: [36mruta solicitada /test[39m
[2025-06-07T21:05:10.659Z] [36mhttp[39m: [36mruta solicitada /test[39m
[2025-06-07T21:05:11.037Z] [36mhttp[39m: [36mruta solicitada /test[39m
[2025-06-07T21:05:11.098Z] [36mhttp[39m: [36mruta solicitada /test[39m
[2025-06-07T21:05:11.159Z] [36mhttp[39m: [36mruta solicitada /test[39m
[2025-06-07T21:05:11.223Z] [36mhttp[39m: [36mruta solicitada /test[39m
[2025-06-07T21:05:11.287Z] [36mhttp[39m: [36mruta solicitada /test[39m
[2025-06-07T21:05:11.347Z] [36mhttp[39m: [36mruta solicitada /test[39m
[2025-06-07T21:05:11.410Z] [36mhttp[39m: [36mruta solicitada /test[39m
[2025-06-07T21:05:11.536Z] [36mhttp[39m: [36mruta solicitada /test[39m
[2025-06-07T21:05:11.599Z] [36mhttp[39m: [36mruta solicitada /test[39m
[2025-06-07T21:05:11.659Z] [36mhttp[39m: [36mruta solicitada /test[39m
[2025-06-07T21:05:12.035Z] [36mhttp[39m: [36mruta solicitada /test[39m
[2025-06-07T21:05:12.098Z] [36mhttp[39m: [36mruta solicitada /test[39m
[2025-06-07T21:05:12.159Z] [36mhttp[39m: [36mruta solicitada /test[39m
[2025-06-07T21:05:12.223Z] [36mhttp[39m: [36mruta solicitada /test[39m
[2025-06-07T21:05:12.287Z] [36mhttp[39m: [36mruta solicitada /test[39m
[2025-06-07T21:05:12.347Z] [36mhttp[39m: [36mruta solicitada /test[39m
[2025-06-07T21:05:12.410Z] [36mhttp[39m: [36mruta solicitada /test[39m
[2025-06-07T21:05:12.536Z] [36mhttp[39m: [36mruta solicitada /test[39m
[2025-06-07T21:05:12.598Z] [36mhttp[39m: [36mruta solicitada /test[39m
[2025-06-07T21:05:12.659Z] [36mhttp[39m: [36mruta solicitada /test[39m
[2025-06-07T21:05:13.037Z] [36mhttp[39m: [36mruta solicitada /test[39m
[2025-06-07T21:05:13.097Z] [36mhttp[39m: [36mruta solicitada /test[39m
[2025-06-07T21:05:13.159Z] [36mhttp[39m: [36mruta solicitada /test[39m
[2025-06-07T21:05:13.223Z] [36mhttp[39m: [36mruta solicitada /test[39m
[2025-06-07T21:05:13.286Z] [36mhttp[39m: [36mruta solicitada /test[39m
[2025-06-07T21:05:13.348Z] [36mhttp[39m: [36mruta solicitada /test[39m
[2025-06-07T21:05:13.409Z] [36mhttp[39m: [36mruta solicitada /test[39m
[2025-06-07T21:05:13.537Z] [36mhttp[39m: [36mruta solicitada /test[39m
[2025-06-07T21:05:13.597Z] [36mhttp[39m: [36mruta solicitada /test[39m
[2025-06-07T21:05:13.659Z] [36mhttp[39m: [36mruta solicitada /test[39m
[2025-06-07T21:05:14.035Z] [36mhttp[39m: [36mruta solicitada /test[39m
[2025-06-07T21:05:14.097Z] [36mhttp[39m: [36mruta solicitada /test[39m
[2025-06-07T21:05:14.159Z] [36mhttp[39m: [36mruta solicitada /test[39m
[2025-06-07T21:05:14.224Z] [36mhttp[39m: [36mruta solicitada /test[39m
[2025-06-07T21:05:14.285Z] [36mhttp[39m: [36mruta solicitada /test[39m
[2025-06-07T21:05:14.348Z] [36mhttp[39m: [36mruta solicitada /test[39m
[2025-06-07T21:05:14.409Z] [36mhttp[39m: [36mruta solicitada /test[39m
[2025-06-07T21:05:14.535Z] [36mhttp[39m: [36mruta solicitada /test[39m
[2025-06-07T21:05:14.597Z] [36mhttp[39m: [36mruta solicitada /test[39m
[2025-06-07T21:05:14.659Z] [36mhttp[39m: [36mruta solicitada /test[39m
[2025-06-07T21:05:15.035Z] [36mhttp[39m: [36mruta solicitada /test[39m
[2025-06-07T21:05:15.099Z] [36mhttp[39m: [36mruta solicitada /test[39m
[2025-06-07T21:05:15.159Z] [36mhttp[39m: [36mruta solicitada /test[39m
[2025-06-07T21:05:15.224Z] [36mhttp[39m: [36mruta solicitada /test[39m
[2025-06-07T21:05:15.285Z] [36mhttp[39m: [36mruta solicitada /test[39m
[2025-06-07T21:05:15.348Z] [36mhttp[39m: [36mruta solicitada /test[39m
[2025-06-07T21:05:15.409Z] [36mhttp[39m: [36mruta solicitada /test[39m
[2025-06-07T21:05:15.535Z] [36mhttp[39m: [36mruta solicitada /test[39m
[2025-06-07T21:05:15.597Z] [36mhttp[39m: [36mruta solicitada /test[39m
[2025-06-07T21:05:15.659Z] [36mhttp[39m: [36mruta solicitada /test[39m
[2025-06-07T21:05:16.037Z] [36mhttp[39m: [36mruta solicitada /test[39m
[2025-06-07T21:05:16.099Z] [36mhttp[39m: [36mruta solicitada /test[39m
[2025-06-07T21:05:16.159Z] [36mhttp[39m: [36mruta solicitada /test[39m
[2025-06-07T21:05:16.223Z] [36mhttp[39m: [36mruta solicitada /test[39m
[2025-06-07T21:05:16.286Z] [36mhttp[39m: [36mruta solicitada /test[39m
[2025-06-07T21:05:16.349Z] [36mhttp[39m: [36mruta solicitada /test[39m
[2025-06-07T21:05:16.410Z] [36mhttp[39m: [36mruta solicitada /test[39m
[2025-06-07T21:05:16.537Z] [36mhttp[39m: [36mruta solicitada /test[39m
[2025-06-07T21:05:16.598Z] [36mhttp[39m: [36mruta solicitada /test[39m
[2025-06-07T21:05:16.659Z] [36mhttp[39m: [36mruta solicitada /test[39m
[2025-06-07T21:05:17.036Z] [36mhttp[39m: [36mruta solicitada /test[39m
[2025-06-07T21:05:17.098Z] [36mhttp[39m: [36mruta solicitada /test[39m
[2025-06-07T21:05:17.159Z] [36mhttp[39m: [36mruta solicitada /test[39m
[2025-06-07T21:05:17.223Z] [36mhttp[39m: [36mruta solicitada /test[39m
[2025-06-07T21:05:17.284Z] [36mhttp[39m: [36mruta solicitada /test[39m
[2025-06-07T21:05:17.348Z] [36mhttp[39m: [36mruta solicitada /test[39m
[2025-06-07T21:05:17.409Z] [36mhttp[39m: [36mruta solicitada /test[39m
[2025-06-07T21:05:17.535Z] [36mhttp[39m: [36mruta solicitada /test[39m
[2025-06-07T21:05:17.598Z] [36mhttp[39m: [36mruta solicitada /test[39m
[2025-06-07T21:05:17.659Z] [36mhttp[39m: [36mruta solicitada /test[39m
[2025-06-07T21:05:18.035Z] [36mhttp[39m: [36mruta solicitada /test[39m
[2025-06-07T21:05:18.097Z] [36mhttp[39m: [36mruta solicitada /test[39m
[2025-06-07T21:05:18.159Z] [36mhttp[39m: [36mruta solicitada /test[39m
[2025-06-07T21:05:18.223Z] [36mhttp[39m: [36mruta solicitada /test[39m
[2025-06-07T21:05:18.285Z] [36mhttp[39m: [36mruta solicitada /test[39m
[2025-06-07T21:05:18.348Z] [36mhttp[39m: [36mruta solicitada /test[39m
[2025-06-07T21:05:18.409Z] [36mhttp[39m: [36mruta solicitada /test[39m
[2025-06-07T21:05:18.535Z] [36mhttp[39m: [36mruta solicitada /test[39m
[2025-06-07T21:05:18.598Z] [36mhttp[39m: [36mruta solicitada /test[39m
[2025-06-07T21:05:18.659Z] [36mhttp[39m: [36mruta solicitada /test[39m
[2025-06-07T21:05:19.036Z] [36mhttp[39m: [36mruta solicitada /test[39m
[2025-06-07T21:05:19.097Z] [36mhttp[39m: [36mruta solicitada /test[39m
[2025-06-07T21:05:19.159Z] [36mhttp[39m: [36mruta solicitada /test[39m
[2025-06-07T21:05:19.224Z] [36mhttp[39m: [36mruta solicitada /test[39m
[2025-06-07T21:05:19.284Z] [36mhttp[39m: [36mruta solicitada /test[39m
[2025-06-07T21:05:19.348Z] [36mhttp[39m: [36mruta solicitada /test[39m
[2025-06-07T21:05:19.409Z] [36mhttp[39m: [36mruta solicitada /test[39m
[2025-06-07T21:05:19.535Z] [36mhttp[39m: [36mruta solicitada /test[39m
[2025-06-07T21:05:19.598Z] [36mhttp[39m: [36mruta solicitada /test[39m
[2025-06-07T21:05:19.659Z] [36mhttp[39m: [36mruta solicitada /test[39m
[2025-06-07T21:05:20.035Z] [36mhttp[39m: [36mruta solicitada /test[39m
[2025-06-07T21:05:20.098Z] [36mhttp[39m: [36mruta solicitada /test[39m
[2025-06-07T21:05:20.159Z] [36mhttp[39m: [36mruta solicitada /test[39m
[2025-06-07T21:05:20.223Z] [36mhttp[39m: [36mruta solicitada /test[39m
[2025-06-07T21:05:20.285Z] [36mhttp[39m: [36mruta solicitada /test[39m
[2025-06-07T21:05:20.348Z] [36mhttp[39m: [36mruta solicitada /test[39m
[2025-06-07T21:05:20.409Z] [36mhttp[39m: [36mruta solicitada /test[39m
[2025-06-07T21:05:20.536Z] [36mhttp[39m: [36mruta solicitada /test[39m
[2025-06-07T21:05:20.598Z] [36mhttp[39m: [36mruta solicitada /test[39m
[2025-06-07T21:05:20.659Z] [36mhttp[39m: [36mruta solicitada /test[39m
[2025-06-07T21:05:21.035Z] [36mhttp[39m: [36mruta solicitada /test[39m
[2025-06-07T21:05:21.098Z] [36mhttp[39m: [36mruta solicitada /test[39m
[2025-06-07T21:05:21.159Z] [36mhttp[39m: [36mruta solicitada /test[39m
[2025-06-07T21:05:21.223Z] [36mhttp[39m: [36mruta solicitada /test[39m
[2025-06-07T21:05:21.284Z] [36mhttp[39m: [36mruta solicitada /test[39m
[2025-06-07T21:05:21.348Z] [36mhttp[39m: [36mruta solicitada /test[39m
[2025-06-07T21:05:21.409Z] [36mhttp[39m: [36mruta solicitada /test[39m
[2025-06-07T21:05:21.535Z] [36mhttp[39m: [36mruta solicitada /test[39m
[2025-06-07T21:05:21.598Z] [36mhttp[39m: [36mruta solicitada /test[39m
[2025-06-07T21:05:21.659Z] [36mhttp[39m: [36mruta solicitada /test[39m
[2025-06-07T21:05:22.035Z] [36mhttp[39m: [36mruta solicitada /test[39m
[2025-06-07T21:05:22.098Z] [36mhttp[39m: [36mruta solicitada /test[39m
[2025-06-07T21:05:22.159Z] [36mhttp[39m: [36mruta solicitada /test[39m
[2025-06-07T21:05:22.224Z] [36mhttp[39m: [36mruta solicitada /test[39m
[2025-06-07T21:05:22.284Z] [36mhttp[39m: [36mruta solicitada /test[39m
[2025-06-07T21:05:22.348Z] [36mhttp[39m: [36mruta solicitada /test[39m
[2025-06-07T21:05:22.410Z] [36mhttp[39m: [36mruta solicitada /test[39m
[2025-06-07T21:05:22.535Z] [36mhttp[39m: [36mruta solicitada /test[39m
[2025-06-07T21:05:22.598Z] [36mhttp[39m: [36mruta solicitada /test[39m
[2025-06-07T21:05:22.659Z] [36mhttp[39m: [36mruta solicitada /test[39m
[2025-06-07T21:05:23.035Z] [36mhttp[39m: [36mruta solicitada /test[39m
[2025-06-07T21:05:23.098Z] [36mhttp[39m: [36mruta solicitada /test[39m
[2025-06-07T21:05:23.159Z] [36mhttp[39m: [36mruta solicitada /test[39m
[2025-06-07T21:05:23.224Z] [36mhttp[39m: [36mruta solicitada /test[39m
[2025-06-07T21:05:23.284Z] [36mhttp[39m: [36mruta solicitada /test[39m
[2025-06-07T21:05:23.350Z] [36mhttp[39m: [36mruta solicitada /test[39m
[2025-06-07T21:05:23.409Z] [36mhttp[39m: [36mruta solicitada /test[39m
[2025-06-07T21:05:23.534Z] [36mhttp[39m: [36mruta solicitada /test[39m
[2025-06-07T21:05:23.597Z] [36mhttp[39m: [36mruta solicitada /test[39m
[2025-06-07T21:05:23.659Z] [36mhttp[39m: [36mruta solicitada /test[39m
[2025-06-07T21:05:24.035Z] [36mhttp[39m: [36mruta solicitada /test[39m
[2025-06-07T21:05:24.098Z] [36mhttp[39m: [36mruta solicitada /test[39m
[2025-06-07T21:05:24.159Z] [36mhttp[39m: [36mruta solicitada /test[39m
[2025-06-07T21:05:24.223Z] [36mhttp[39m: [36mruta solicitada /test[39m
[2025-06-07T21:05:24.284Z] [36mhttp[39m: [36mruta solicitada /test[39m
[2025-06-07T21:05:24.349Z] [36mhttp[39m: [36mruta solicitada /test[39m
[2025-06-07T21:05:24.409Z] [36mhttp[39m: [36mruta solicitada /test[39m
[2025-06-07T21:05:24.535Z] [36mhttp[39m: [36mruta solicitada /test[39m
[2025-06-07T21:05:24.598Z] [36mhttp[39m: [36mruta solicitada /test[39m
[2025-06-07T21:05:24.659Z] [36mhttp[39m: [36mruta solicitada /test[39m
[2025-06-07T21:05:25.036Z] [36mhttp[39m: [36mruta solicitada /test[39m
[2025-06-07T21:05:25.098Z] [36mhttp[39m: [36mruta solicitada /test[39m
[2025-06-07T21:05:25.159Z] [36mhttp[39m: [36mruta solicitada /test[39m
[2025-06-07T21:05:25.224Z] [36mhttp[39m: [36mruta solicitada /test[39m
[2025-06-07T21:05:25.284Z] [36mhttp[39m: [36mruta solicitada /test[39m
[2025-06-07T21:05:25.348Z] [36mhttp[39m: [36mruta solicitada /test[39m
[2025-06-07T21:05:25.409Z] [36mhttp[39m: [36mruta solicitada /test[39m
[2025-06-07T21:05:25.535Z] [36mhttp[39m: [36mruta solicitada /test[39m
[2025-06-07T21:05:25.600Z] [36mhttp[39m: [36mruta solicitada /test[39m
[2025-06-07T21:05:25.659Z] [36mhttp[39m: [36mruta solicitada /test[39m
[2025-06-07T21:05:26.035Z] [36mhttp[39m: [36mruta solicitada /test[39m
[2025-06-07T21:05:26.098Z] [36mhttp[39m: [36mruta solicitada /test[39m
[2025-06-07T21:05:26.159Z] [36mhttp[39m: [36mruta solicitada /test[39m
[2025-06-07T21:05:26.223Z] [36mhttp[39m: [36mruta solicitada /test[39m
[2025-06-07T21:05:26.286Z] [36mhttp[39m: [36mruta solicitada /test[39m
[2025-06-07T21:05:26.348Z] [36mhttp[39m: [36mruta solicitada /test[39m
[2025-06-07T21:05:26.410Z] [36mhttp[39m: [36mruta solicitada /test[39m
[2025-06-07T21:05:26.535Z] [36mhttp[39m: [36mruta solicitada /test[39m
[2025-06-07T21:05:26.599Z] [36mhttp[39m: [36mruta solicitada /test[39m
[2025-06-07T21:05:26.659Z] [36mhttp[39m: [36mruta solicitada /test[39m
[2025-06-07T21:05:27.035Z] [36mhttp[39m: [36mruta solicitada /test[39m
[2025-06-07T21:05:27.098Z] [36mhttp[39m: [36mruta solicitada /test[39m
[2025-06-07T21:05:27.159Z] [36mhttp[39m: [36mruta solicitada /test[39m
[2025-06-07T21:05:27.223Z] [36mhttp[39m: [36mruta solicitada /test[39m
[2025-06-07T21:05:27.285Z] [36mhttp[39m: [36mruta solicitada /test[39m
[2025-06-07T21:05:27.348Z] [36mhttp[39m: [36mruta solicitada /test[39m
[2025-06-07T21:05:27.409Z] [36mhttp[39m: [36mruta solicitada /test[39m
[2025-06-07T21:05:27.535Z] [36mhttp[39m: [36mruta solicitada /test[39m
[2025-06-07T21:05:27.597Z] [36mhttp[39m: [36mruta solicitada /test[39m
[2025-06-07T21:05:27.659Z] [36mhttp[39m: [36mruta solicitada /test[39m
[2025-06-07T21:05:28.034Z] [36mhttp[39m: [36mruta solicitada /test[39m
[2025-06-07T21:05:28.098Z] [36mhttp[39m: [36mruta solicitada /test[39m
[2025-06-07T21:05:28.159Z] [36mhttp[39m: [36mruta solicitada /test[39m
[2025-06-07T21:05:28.223Z] [36mhttp[39m: [36mruta solicitada /test[39m
[2025-06-07T21:05:28.285Z] [36mhttp[39m: [36mruta solicitada /test[39m
[2025-06-07T21:05:28.348Z] [36mhttp[39m: [36mruta solicitada /test[39m
[2025-06-07T21:05:28.409Z] [36mhttp[39m: [36mruta solicitada /test[39m
[2025-06-07T21:05:28.535Z] [36mhttp[39m: [36mruta solicitada /test[39m
[2025-06-07T21:05:28.597Z] [36mhttp[39m: [36mruta solicitada /test[39m
[2025-06-07T21:05:28.659Z] [36mhttp[39m: [36mruta solicitada /test[39m
[2025-06-07T21:05:29.034Z] [36mhttp[39m: [36mruta solicitada /test[39m
[2025-06-07T21:05:29.099Z] [36mhttp[39m: [36mruta solicitada /test[39m
[2025-06-07T21:05:29.159Z] [36mhttp[39m: [36mruta solicitada /test[39m
[2025-06-07T21:05:29.223Z] [36mhttp[39m: [36mruta solicitada /test[39m
[2025-06-07T21:05:29.284Z] [36mhttp[39m: [36mruta solicitada /test[39m
[2025-06-07T21:05:29.348Z] [36mhttp[39m: [36mruta solicitada /test[39m
[2025-06-07T21:05:29.409Z] [36mhttp[39m: [36mruta solicitada /test[39m
[2025-06-07T21:05:29.535Z] [36mhttp[39m: [36mruta solicitada /test[39m
[2025-06-07T21:05:29.598Z] [36mhttp[39m: [36mruta solicitada /test[39m
[2025-06-07T21:05:29.659Z] [36mhttp[39m: [36mruta solicitada /test[39m
[2025-06-07T21:05:30.034Z] [36mhttp[39m: [36mruta solicitada /test[39m
[2025-06-07T21:05:30.099Z] [36mhttp[39m: [36mruta solicitada /test[39m
[2025-06-07T21:05:30.159Z] [36mhttp[39m: [36mruta solicitada /test[39m
[2025-06-07T21:05:30.224Z] [36mhttp[39m: [36mruta solicitada /test[39m
[2025-06-07T21:05:30.285Z] [36mhttp[39m: [36mruta solicitada /test[39m
[2025-06-07T21:05:30.349Z] [36mhttp[39m: [36mruta solicitada /test[39m
[2025-06-07T21:05:30.409Z] [36mhttp[39m: [36mruta solicitada /test[39m
[2025-06-07T21:05:30.535Z] [36mhttp[39m: [36mruta solicitada /test[39m
[2025-06-07T21:05:30.598Z] [36mhttp[39m: [36mruta solicitada /test[39m
[2025-06-07T21:05:30.659Z] [36mhttp[39m: [36mruta solicitada /test[39m
[2025-06-07T21:05:31.034Z] [36mhttp[39m: [36mruta solicitada /test[39m
[2025-06-07T21:05:31.098Z] [36mhttp[39m: [36mruta solicitada /test[39m
[2025-06-07T21:05:31.159Z] [36mhttp[39m: [36mruta solicitada /test[39m
[2025-06-07T21:05:31.224Z] [36mhttp[39m: [36mruta solicitada /test[39m
[2025-06-07T21:05:31.284Z] [36mhttp[39m: [36mruta solicitada /test[39m
[2025-06-07T21:05:31.348Z] [36mhttp[39m: [36mruta solicitada /test[39m
[2025-06-07T21:05:31.410Z] [36mhttp[39m: [36mruta solicitada /test[39m
[2025-06-07T21:05:31.534Z] [36mhttp[39m: [36mruta solicitada /test[39m
[2025-06-07T21:05:31.598Z] [36mhttp[39m: [36mruta solicitada /test[39m
[2025-06-07T21:05:31.659Z] [36mhttp[39m: [36mruta solicitada /test[39m
[2025-06-07T21:05:32.035Z] [36mhttp[39m: [36mruta solicitada /test[39m
[2025-06-07T21:05:32.097Z] [36mhttp[39m: [36mruta solicitada /test[39m
[2025-06-07T21:05:32.159Z] [36mhttp[39m: [36mruta solicitada /test[39m
[2025-06-07T21:05:32.224Z] [36mhttp[39m: [36mruta solicitada /test[39m
[2025-06-07T21:05:32.285Z] [36mhttp[39m: [36mruta solicitada /test[39m
[2025-06-07T21:05:32.349Z] [36mhttp[39m: [36mruta solicitada /test[39m
[2025-06-07T21:05:32.410Z] [36mhttp[39m: [36mruta solicitada /test[39m
[2025-06-07T21:05:32.534Z] [36mhttp[39m: [36mruta solicitada /test[39m
[2025-06-07T21:05:32.598Z] [36mhttp[39m: [36mruta solicitada /test[39m
[2025-06-07T21:05:32.659Z] [36mhttp[39m: [36mruta solicitada /test[39m
[2025-06-07T21:05:33.034Z] [36mhttp[39m: [36mruta solicitada /test[39m
[2025-06-07T21:05:33.097Z] [36mhttp[39m: [36mruta solicitada /test[39m
[2025-06-07T21:05:33.159Z] [36mhttp[39m: [36mruta solicitada /test[39m
[2025-06-07T21:05:33.223Z] [36mhttp[39m: [36mruta solicitada /test[39m
[2025-06-07T21:05:33.286Z] [36mhttp[39m: [36mruta solicitada /test[39m
[2025-06-07T21:05:33.347Z] [36mhttp[39m: [36mruta solicitada /test[39m
[2025-06-07T21:05:33.410Z] [36mhttp[39m: [36mruta solicitada /test[39m
[2025-06-07T21:05:33.535Z] [36mhttp[39m: [36mruta solicitada /test[39m
[2025-06-07T21:05:33.599Z] [36mhttp[39m: [36mruta solicitada /test[39m
[2025-06-07T21:05:33.659Z] [36mhttp[39m: [36mruta solicitada /test[39m
[2025-06-07T21:05:34.035Z] [36mhttp[39m: [36mruta solicitada /test[39m
[2025-06-07T21:05:34.097Z] [36mhttp[39m: [36mruta solicitada /test[39m
[2025-06-07T21:05:34.160Z] [36mhttp[39m: [36mruta solicitada /test[39m
[2025-06-07T21:05:34.223Z] [36mhttp[39m: [36mruta solicitada /test[39m
[2025-06-07T21:05:34.286Z] [36mhttp[39m: [36mruta solicitada /test[39m
[2025-06-07T21:05:34.347Z] [36mhttp[39m: [36mruta solicitada /test[39m
[2025-06-07T21:05:34.409Z] [36mhttp[39m: [36mruta solicitada /test[39m
[2025-06-07T21:05:34.536Z] [36mhttp[39m: [36mruta solicitada /test[39m
[2025-06-07T21:05:34.597Z] [36mhttp[39m: [36mruta solicitada /test[39m
[2025-06-07T21:05:34.659Z] [36mhttp[39m: [36mruta solicitada /test[39m
[2025-06-07T21:05:35.035Z] [36mhttp[39m: [36mruta solicitada /test[39m
[2025-06-07T21:05:35.097Z] [36mhttp[39m: [36mruta solicitada /test[39m
[2025-06-07T21:05:35.159Z] [36mhttp[39m: [36mruta solicitada /test[39m
[2025-06-07T21:05:35.223Z] [36mhttp[39m: [36mruta solicitada /test[39m
[2025-06-07T21:05:35.284Z] [36mhttp[39m: [36mruta solicitada /test[39m
[2025-06-07T21:05:35.347Z] [36mhttp[39m: [36mruta solicitada /test[39m
[2025-06-07T21:05:35.409Z] [36mhttp[39m: [36mruta solicitada /test[39m
[2025-06-07T21:05:35.536Z] [36mhttp[39m: [36mruta solicitada /test[39m
[2025-06-07T21:05:35.597Z] [36mhttp[39m: [36mruta solicitada /test[39m
[2025-06-07T21:05:35.659Z] [36mhttp[39m: [36mruta solicitada /test[39m
[2025-06-07T21:05:36.034Z] [36mhttp[39m: [36mruta solicitada /test[39m
[2025-06-07T21:05:36.097Z] [36mhttp[39m: [36mruta solicitada /test[39m
[2025-06-07T21:05:36.159Z] [36mhttp[39m: [36mruta solicitada /test[39m
[2025-06-07T21:05:36.223Z] [36mhttp[39m: [36mruta solicitada /test[39m
[2025-06-07T21:05:36.284Z] [36mhttp[39m: [36mruta solicitada /test[39m
[2025-06-07T21:05:36.347Z] [36mhttp[39m: [36mruta solicitada /test[39m
[2025-06-07T21:05:36.409Z] [36mhttp[39m: [36mruta solicitada /test[39m
[2025-06-07T21:05:36.535Z] [36mhttp[39m: [36mruta solicitada /test[39m
[2025-06-07T21:05:36.597Z] [36mhttp[39m: [36mruta solicitada /test[39m
[2025-06-07T21:05:36.659Z] [36mhttp[39m: [36mruta solicitada /test[39m
[2025-06-07T21:05:37.035Z] [36mhttp[39m: [36mruta solicitada /test[39m
[2025-06-07T21:05:37.097Z] [36mhttp[39m: [36mruta solicitada /test[39m
[2025-06-07T21:05:37.159Z] [36mhttp[39m: [36mruta solicitada /test[39m
[2025-06-07T21:05:37.223Z] [36mhttp[39m: [36mruta solicitada /test[39m
[2025-06-07T21:05:37.284Z] [36mhttp[39m: [36mruta solicitada /test[39m
[2025-06-07T21:05:37.348Z] [36mhttp[39m: [36mruta solicitada /test[39m
[2025-06-07T21:05:37.409Z] [36mhttp[39m: [36mruta solicitada /test[39m
[2025-06-07T21:05:37.534Z] [36mhttp[39m: [36mruta solicitada /test[39m
[2025-06-07T21:05:37.597Z] [36mhttp[39m: [36mruta solicitada /test[39m
[2025-06-07T21:05:37.659Z] [36mhttp[39m: [36mruta solicitada /test[39m
[2025-06-07T21:05:38.035Z] [36mhttp[39m: [36mruta solicitada /test[39m
[2025-06-07T21:05:38.097Z] [36mhttp[39m: [36mruta solicitada /test[39m
[2025-06-07T21:05:38.159Z] [36mhttp[39m: [36mruta solicitada /test[39m
[2025-06-07T21:05:38.223Z] [36mhttp[39m: [36mruta solicitada /test[39m
[2025-06-07T21:05:38.284Z] [36mhttp[39m: [36mruta solicitada /test[39m
[2025-06-07T21:05:38.348Z] [36mhttp[39m: [36mruta solicitada /test[39m
[2025-06-07T21:05:38.410Z] [36mhttp[39m: [36mruta solicitada /test[39m
[2025-06-07T21:05:38.534Z] [36mhttp[39m: [36mruta solicitada /test[39m
[2025-06-07T21:05:38.597Z] [36mhttp[39m: [36mruta solicitada /test[39m
[2025-06-07T21:05:38.659Z] [36mhttp[39m: [36mruta solicitada /test[39m
[2025-06-07T21:05:39.035Z] [36mhttp[39m: [36mruta solicitada /test[39m
[2025-06-07T21:05:39.097Z] [36mhttp[39m: [36mruta solicitada /test[39m
[2025-06-07T21:05:39.159Z] [36mhttp[39m: [36mruta solicitada /test[39m
[2025-06-07T21:05:39.223Z] [36mhttp[39m: [36mruta solicitada /test[39m
[2025-06-07T21:05:39.285Z] [36mhttp[39m: [36mruta solicitada /test[39m
[2025-06-07T21:05:39.347Z] [36mhttp[39m: [36mruta solicitada /test[39m
[2025-06-07T21:05:39.409Z] [36mhttp[39m: [36mruta solicitada /test[39m
[2025-06-07T21:05:39.534Z] [36mhttp[39m: [36mruta solicitada /test[39m
[2025-06-07T21:05:39.597Z] [36mhttp[39m: [36mruta solicitada /test[39m
[2025-06-07T21:05:39.659Z] [36mhttp[39m: [36mruta solicitada /test[39m
[2025-06-07T21:05:40.035Z] [36mhttp[39m: [36mruta solicitada /test[39m
[2025-06-07T21:05:40.099Z] [36mhttp[39m: [36mruta solicitada /test[39m
[2025-06-07T21:05:40.159Z] [36mhttp[39m: [36mruta solicitada /test[39m
[2025-06-07T21:05:40.224Z] [36mhttp[39m: [36mruta solicitada /test[39m
[2025-06-07T21:05:40.287Z] [36mhttp[39m: [36mruta solicitada /test[39m
[2025-06-07T21:05:40.348Z] [36mhttp[39m: [36mruta solicitada /test[39m
[2025-06-07T21:05:40.410Z] [36mhttp[39m: [36mruta solicitada /test[39m
[2025-06-07T21:09:28.611Z] [32minfo[39m: [32mServidor corriendo en http://localhost:3000[39m
[2025-06-16T14:10:36.322Z] [32minfo[39m: [32mServidor corriendo en http://localhost:3000[39m
[2025-06-16T14:10:39.948Z] [36mhttp[39m: [36mruta solicitada /[39m
[2025-06-16T14:54:50.133Z] [32minfo[39m: [32mServidor corriendo en http://localhost:3000[39m
[2025-06-16T14:56:39.183Z] [32minfo[39m: [32mServidor corriendo en http://localhost:3000[39m
[2025-06-16T14:58:04.202Z] [32minfo[39m: [32mServidor corriendo en http://localhost:3000[39m
[2025-06-16T15:05:14.880Z] [32minfo[39m: [32mServidor corriendo en http://localhost:3000[39m
[2025-06-16T15:07:19.703Z] [32minfo[39m: [32mServidor corriendo en http://localhost:3000[39m
[2025-06-16T15:08:42.631Z] [32minfo[39m: [32mServidor corriendo en http://localhost:3000[39m
[2025-06-16T15:17:35.020Z] [32minfo[39m: [32mServidor corriendo en http://localhost:3000[39m
[2025-06-16T15:57:16.767Z] [32minfo[39m: [32mServidor corriendo en http://localhost:3000[39m
[2025-06-16T15:58:51.860Z] [32minfo[39m: [32mServidor corriendo en http://localhost:3000[39m
[2025-06-16T16:06:01.282Z] [32minfo[39m: [32mServidor corriendo en http://localhost:3000[39m
[2025-06-16T16:06:48.238Z] [32minfo[39m: [32mServidor corriendo en http://localhost:3000[39m
[2025-06-16T16:08:37.395Z] [32minfo[39m: [32mServidor corriendo en http://localhost:8080[39m
[2025-06-16T16:21:49.491Z] [32minfo[39m: [32mServidor corriendo en http://localhost:8080[39m
[2025-06-16T16:26:09.626Z] [32minfo[39m: [32mServidor corriendo en http://localhost:8080[39m
[2025-06-21T13:56:37.012Z] [32minfo[39m: [32mServidor corriendo en http://localhost:8080[39m
[2025-06-21T14:00:38.248Z] [32minfo[39m: [32mServidor corriendo en http://localhost:8080[39m
[2025-06-21T14:02:02.744Z] [32minfo[39m: [32mServidor corriendo en http://localhost:8080[39m
[2025-06-21T14:03:27.962Z] [32minfo[39m: [32mServidor corriendo en http://localhost:8080[39m
[2025-06-21T14:04:45.333Z] [32minfo[39m: [32mServidor corriendo en http://localhost:8080[39m
[2025-06-21T14:05:20.680Z] [32minfo[39m: [32mServidor corriendo en http://localhost:8080[39m
[2025-06-21T14:05:51.288Z] [32minfo[39m: [32mServidor corriendo en http://localhost:8080[39m
[2025-06-21T14:06:38.134Z] [32minfo[39m: [32mServidor corriendo en http://localhost:8080[39m
[2025-06-21T14:07:20.382Z] [32minfo[39m: [32mServidor corriendo en http://localhost:8080[39m
[2025-06-21T14:07:27.885Z] [32minfo[39m: [32mServidor corriendo en http://localhost:8080[39m
[2025-06-21T14:09:49.431Z] [32minfo[39m: [32mServidor corriendo en http://localhost:8080[39m
[2025-06-21T14:14:27.299Z] [32minfo[39m: [32mServidor corriendo en http://localhost:8080[39m
[2025-06-21T14:16:32.939Z] [32minfo[39m: [32mServidor corriendo en http://localhost:8080[39m
[2025-06-21T14:19:55.643Z] [32minfo[39m: [32mServidor corriendo en http://localhost:8080[39m
[2025-06-21T14:20:14.828Z] [32minfo[39m: [32mServidor corriendo en http://localhost:8080[39m
[2025-06-21T14:21:41.157Z] [32minfo[39m: [32mServidor corriendo en http://localhost:8080[39m
[2025-06-21T14:25:43.136Z] [32minfo[39m: [32mServidor corriendo en http://localhost:8080[39m
[2025-06-21T14:26:24.852Z] [32minfo[39m: [32mServidor corriendo en http://localhost:8080[39m
[2025-06-21T14:30:18.259Z] [32minfo[39m: [32mServidor corriendo en http://localhost:8080[39m
[2025-06-21T14:30:25.974Z] [32minfo[39m: [32mServidor corriendo en http://localhost:8080[39m
[2025-06-21T14:30:36.396Z] [32minfo[39m: [32mServidor corriendo en http://localhost:8080[39m
[2025-06-21T14:31:52.123Z] [32minfo[39m: [32mServidor corriendo en http://localhost:8080[39m
[2025-06-21T14:32:27.325Z] [32minfo[39m: [32mServidor corriendo en http://localhost:8080[39m
